<?xml version="1.0" encoding="UTF-8"?>
<testsuite name="EbayTests" tests="2" skipped="0" failures="2" errors="0" timestamp="2023-06-02T12:13:00" hostname="Gopalkrishnas-MacBook-Pro.local" time="20.77">
  <properties/>
  <testcase name="categoryFilterApply" classname="EbayTests" time="20.436">
    <failure message="org.openqa.selenium.InvalidSelectorException: invalid selector: Unable to locate an element with the xpath expression //a[normalize-space()='Cell phones &amp; accessories'])[1] because of the following error:&#10;SyntaxError: Failed to execute 'evaluate' on 'Document': The string '//a[normalize-space()='Cell phones &amp; accessories'])[1]' is not a valid XPath expression.&#10;  (Session info: chrome=114.0.5735.90)&#10;For documentation on this error, please visit: https://selenium.dev/exceptions/#invalid_selector_exception&#10;Build info: version: '4.9.1', revision: 'eb2032df7f'&#10;System info: os.name: 'Mac OS X', os.arch: 'x86_64', os.version: '13.3.1', java.version: '11.0.19'&#10;Driver info: org.openqa.selenium.chrome.ChromeDriver&#10;Command: [94c13c9b0e56e3de272b9bbeb5adddc7, findElement {using=xpath, value=//a[normalize-space()='Cell phones &amp; accessories'])[1]}]&#10;Capabilities {acceptInsecureCerts: true, browserName: chrome, browserVersion: 114.0.5735.90, chrome: {chromedriverVersion: 114.0.5735.90 (386bc09e8f4f..., userDataDir: /var/folders/kd/ywhrkl8j5x9...}, goog:chromeOptions: {debuggerAddress: localhost:49238}, networkConnectionEnabled: false, pageLoadStrategy: normal, platformName: mac, proxy: Proxy(), se:cdp: ws://localhost:49238/devtoo..., se:cdpVersion: 114.0.5735.90, setWindowRect: true, strictFileInteractability: false, timeouts: {implicit: 0, pageLoad: 300000, script: 30000}, unhandledPromptBehavior: dismiss and notify, webauthn:extension:credBlob: true, webauthn:extension:largeBlob: true, webauthn:extension:minPinLength: true, webauthn:extension:prf: true, webauthn:virtualAuthenticators: true}&#10;Session ID: 94c13c9b0e56e3de272b9bbeb5adddc7" type="org.openqa.selenium.InvalidSelectorException">org.openqa.selenium.InvalidSelectorException: invalid selector: Unable to locate an element with the xpath expression //a[normalize-space()='Cell phones &amp; accessories'])[1] because of the following error:
SyntaxError: Failed to execute 'evaluate' on 'Document': The string '//a[normalize-space()='Cell phones &amp; accessories'])[1]' is not a valid XPath expression.
  (Session info: chrome=114.0.5735.90)
For documentation on this error, please visit: https://selenium.dev/exceptions/#invalid_selector_exception
Build info: version: '4.9.1', revision: 'eb2032df7f'
System info: os.name: 'Mac OS X', os.arch: 'x86_64', os.version: '13.3.1', java.version: '11.0.19'
Driver info: org.openqa.selenium.chrome.ChromeDriver
Command: [94c13c9b0e56e3de272b9bbeb5adddc7, findElement {using=xpath, value=//a[normalize-space()='Cell phones &amp; accessories'])[1]}]
Capabilities {acceptInsecureCerts: true, browserName: chrome, browserVersion: 114.0.5735.90, chrome: {chromedriverVersion: 114.0.5735.90 (386bc09e8f4f..., userDataDir: /var/folders/kd/ywhrkl8j5x9...}, goog:chromeOptions: {debuggerAddress: localhost:49238}, networkConnectionEnabled: false, pageLoadStrategy: normal, platformName: mac, proxy: Proxy(), se:cdp: ws://localhost:49238/devtoo..., se:cdpVersion: 114.0.5735.90, setWindowRect: true, strictFileInteractability: false, timeouts: {implicit: 0, pageLoad: 300000, script: 30000}, unhandledPromptBehavior: dismiss and notify, webauthn:extension:credBlob: true, webauthn:extension:largeBlob: true, webauthn:extension:minPinLength: true, webauthn:extension:prf: true, webauthn:virtualAuthenticators: true}
Session ID: 94c13c9b0e56e3de272b9bbeb5adddc7
	at java.base@11.0.19/jdk.internal.reflect.NativeConstructorAccessorImpl.newInstance0(Native Method)
	at java.base@11.0.19/jdk.internal.reflect.NativeConstructorAccessorImpl.newInstance(NativeConstructorAccessorImpl.java:62)
	at java.base@11.0.19/jdk.internal.reflect.DelegatingConstructorAccessorImpl.newInstance(DelegatingConstructorAccessorImpl.java:45)
	at java.base@11.0.19/java.lang.reflect.Constructor.newInstance(Constructor.java:490)
	at app//org.openqa.selenium.remote.codec.w3c.W3CHttpResponseCodec.createException(W3CHttpResponseCodec.java:200)
	at app//org.openqa.selenium.remote.codec.w3c.W3CHttpResponseCodec.decode(W3CHttpResponseCodec.java:133)
	at app//org.openqa.selenium.remote.codec.w3c.W3CHttpResponseCodec.decode(W3CHttpResponseCodec.java:53)
	at app//org.openqa.selenium.remote.HttpCommandExecutor.execute(HttpCommandExecutor.java:193)
	at app//org.openqa.selenium.remote.service.DriverCommandExecutor.invokeExecute(DriverCommandExecutor.java:183)
	at app//org.openqa.selenium.remote.service.DriverCommandExecutor.execute(DriverCommandExecutor.java:158)
	at app//org.openqa.selenium.remote.RemoteWebDriver.execute(RemoteWebDriver.java:543)
	at app//org.openqa.selenium.remote.ElementLocation$ElementFinder$2.findElement(ElementLocation.java:162)
	at app//org.openqa.selenium.remote.ElementLocation.findElement(ElementLocation.java:60)
	at app//org.openqa.selenium.remote.RemoteWebDriver.findElement(RemoteWebDriver.java:352)
	at app//org.openqa.selenium.remote.RemoteWebDriver.findElement(RemoteWebDriver.java:344)
	at app//org.framework.utils.WebUtils.lambda$findElement$0(WebUtils.java:52)
	at app//org.openqa.selenium.support.ui.FluentWait.until(FluentWait.java:208)
	at app//org.framework.utils.WebUtils.findElement(WebUtils.java:52)
	at app//org.framework.utils.WebUtils.click(WebUtils.java:23)
	at app//org.framework.pages.DesktopHomePage.clickCategory(DesktopHomePage.java:20)
	at app//EbayTests.categoryFilterApply(EbayTests.java:17)
	at java.base@11.0.19/jdk.internal.reflect.NativeMethodAccessorImpl.invoke0(Native Method)
	at java.base@11.0.19/jdk.internal.reflect.NativeMethodAccessorImpl.invoke(NativeMethodAccessorImpl.java:62)
	at java.base@11.0.19/jdk.internal.reflect.DelegatingMethodAccessorImpl.invoke(DelegatingMethodAccessorImpl.java:43)
	at java.base@11.0.19/java.lang.reflect.Method.invoke(Method.java:566)
	at app//org.testng.internal.invokers.MethodInvocationHelper.invokeMethod(MethodInvocationHelper.java:139)
	at app//org.testng.internal.invokers.TestInvoker.invokeMethod(TestInvoker.java:677)
	at app//org.testng.internal.invokers.TestInvoker.invokeTestMethod(TestInvoker.java:221)
	at app//org.testng.internal.invokers.MethodRunner.runInSequence(MethodRunner.java:50)
	at app//org.testng.internal.invokers.TestInvoker$MethodInvocationAgent.invoke(TestInvoker.java:969)
	at app//org.testng.internal.invokers.TestInvoker.invokeTestMethods(TestInvoker.java:194)
	at app//org.testng.internal.invokers.TestMethodWorker.invokeTestMethods(TestMethodWorker.java:148)
	at app//org.testng.internal.invokers.TestMethodWorker.run(TestMethodWorker.java:128)
	at java.base@11.0.19/java.util.ArrayList.forEach(ArrayList.java:1541)
	at app//org.testng.TestRunner.privateRun(TestRunner.java:829)
	at app//org.testng.TestRunner.run(TestRunner.java:602)
	at app//org.testng.SuiteRunner.runTest(SuiteRunner.java:437)
	at app//org.testng.SuiteRunner.runSequentially(SuiteRunner.java:431)
	at app//org.testng.SuiteRunner.privateRun(SuiteRunner.java:391)
	at app//org.testng.SuiteRunner.run(SuiteRunner.java:330)
	at app//org.testng.SuiteRunnerWorker.runSuite(SuiteRunnerWorker.java:52)
	at app//org.testng.SuiteRunnerWorker.run(SuiteRunnerWorker.java:95)
	at app//org.testng.TestNG.runSuitesSequentially(TestNG.java:1256)
	at app//org.testng.TestNG.runSuitesLocally(TestNG.java:1176)
	at app//org.testng.TestNG.runSuites(TestNG.java:1099)
	at app//org.testng.TestNG.run(TestNG.java:1067)
	at org.gradle.api.internal.tasks.testing.testng.TestNGTestClassProcessor.runTests(TestNGTestClassProcessor.java:145)
	at org.gradle.api.internal.tasks.testing.testng.TestNGTestClassProcessor.stop(TestNGTestClassProcessor.java:92)
	at org.gradle.api.internal.tasks.testing.SuiteTestClassProcessor.stop(SuiteTestClassProcessor.java:62)
	at java.base@11.0.19/jdk.internal.reflect.NativeMethodAccessorImpl.invoke0(Native Method)
	at java.base@11.0.19/jdk.internal.reflect.NativeMethodAccessorImpl.invoke(NativeMethodAccessorImpl.java:62)
	at java.base@11.0.19/jdk.internal.reflect.DelegatingMethodAccessorImpl.invoke(DelegatingMethodAccessorImpl.java:43)
	at java.base@11.0.19/java.lang.reflect.Method.invoke(Method.java:566)
	at org.gradle.internal.dispatch.ReflectionDispatch.dispatch(ReflectionDispatch.java:36)
	at org.gradle.internal.dispatch.ReflectionDispatch.dispatch(ReflectionDispatch.java:24)
	at org.gradle.internal.dispatch.ContextClassLoaderDispatch.dispatch(ContextClassLoaderDispatch.java:33)
	at org.gradle.internal.dispatch.ProxyDispatchAdapter$DispatchingInvocationHandler.invoke(ProxyDispatchAdapter.java:94)
	at com.sun.proxy.$Proxy2.stop(Unknown Source)
	at org.gradle.api.internal.tasks.testing.worker.TestWorker$3.run(TestWorker.java:193)
	at org.gradle.api.internal.tasks.testing.worker.TestWorker.executeAndMaintainThreadName(TestWorker.java:129)
	at org.gradle.api.internal.tasks.testing.worker.TestWorker.execute(TestWorker.java:100)
	at org.gradle.api.internal.tasks.testing.worker.TestWorker.execute(TestWorker.java:60)
	at org.gradle.process.internal.worker.child.ActionExecutionWorker.execute(ActionExecutionWorker.java:56)
	at org.gradle.process.internal.worker.child.SystemApplicationClassLoaderWorker.call(SystemApplicationClassLoaderWorker.java:113)
	at org.gradle.process.internal.worker.child.SystemApplicationClassLoaderWorker.call(SystemApplicationClassLoaderWorker.java:65)
	at app//worker.org.gradle.process.internal.worker.GradleWorkerMain.run(GradleWorkerMain.java:69)
	at app//worker.org.gradle.process.internal.worker.GradleWorkerMain.main(GradleWorkerMain.java:74)
</failure>
  </testcase>
  <testcase name="categoryFilterApply" classname="EbayTests" time="20.795">
    <failure message="java.lang.VerifyError: Expecting a stackmap frame at branch target 89&#10;Exception Details:&#10;  Location:&#10;    org/framework/utils/AllureUtils.screenshot(Lorg/openqa/selenium/WebDriver;Ljava/lang/String;)V @19: invokestatic&#10;  Reason:&#10;    Expected stackmap frame at this location.&#10;  Bytecode:&#10;    0000000: 2a3a 042b 3a05 b200 6901 0119 0419 05b8&#10;    0000010: 006f 4eb8 0075 2db6 0079 2ac0 0002 b200&#10;    0000020: 03b9 0004 0200 c000 054d 2cbb 0005 592b&#10;    0000030: b800 06ba 0007 0000 b700 08b8 0009 2cb6&#10;    0000040: 000a 2cb8 000b b800 0ca7 000d 4dbb 000e&#10;    0000050: 592c b700 0fbf a700 103a 06b8 0075 1906&#10;    0000060: b600 7c19 06bf b800 75b6 007f 0001 3a07&#10;    0000070: b800 842d 1907 b600 88b1               &#10;  Exception Handler Table:&#10;    bci [26, 73] =&gt; handler: 76&#10;    bci [19, 89] =&gt; handler: 89&#10;" type="java.lang.VerifyError">java.lang.VerifyError: Expecting a stackmap frame at branch target 89
Exception Details:
  Location:
    org/framework/utils/AllureUtils.screenshot(Lorg/openqa/selenium/WebDriver;Ljava/lang/String;)V @19: invokestatic
  Reason:
    Expected stackmap frame at this location.
  Bytecode:
    0000000: 2a3a 042b 3a05 b200 6901 0119 0419 05b8
    0000010: 006f 4eb8 0075 2db6 0079 2ac0 0002 b200
    0000020: 03b9 0004 0200 c000 054d 2cbb 0005 592b
    0000030: b800 06ba 0007 0000 b700 08b8 0009 2cb6
    0000040: 000a 2cb8 000b b800 0ca7 000d 4dbb 000e
    0000050: 592c b700 0fbf a700 103a 06b8 0075 1906
    0000060: b600 7c19 06bf b800 75b6 007f 0001 3a07
    0000070: b800 842d 1907 b600 88b1               
  Exception Handler Table:
    bci [26, 73] =&gt; handler: 76
    bci [19, 89] =&gt; handler: 89

	at ITestListener.onTestFailure(ITestListener.java:17)
	at org.testng.internal.TestListenerHelper.runTestListeners(TestListenerHelper.java:99)
	at org.testng.internal.invokers.TestInvoker.runTestResultListener(TestInvoker.java:277)
	at org.testng.internal.invokers.TestInvoker.invokeMethod(TestInvoker.java:764)
	at org.testng.internal.invokers.TestInvoker.invokeTestMethod(TestInvoker.java:221)
	at org.testng.internal.invokers.MethodRunner.runInSequence(MethodRunner.java:50)
	at org.testng.internal.invokers.TestInvoker$MethodInvocationAgent.invoke(TestInvoker.java:969)
	at org.testng.internal.invokers.TestInvoker.invokeTestMethods(TestInvoker.java:194)
	at org.testng.internal.invokers.TestMethodWorker.invokeTestMethods(TestMethodWorker.java:148)
	at org.testng.internal.invokers.TestMethodWorker.run(TestMethodWorker.java:128)
	at java.base/java.util.ArrayList.forEach(ArrayList.java:1541)
	at org.testng.TestRunner.privateRun(TestRunner.java:829)
	at org.testng.TestRunner.run(TestRunner.java:602)
	at org.testng.SuiteRunner.runTest(SuiteRunner.java:437)
	at org.testng.SuiteRunner.runSequentially(SuiteRunner.java:431)
	at org.testng.SuiteRunner.privateRun(SuiteRunner.java:391)
	at org.testng.SuiteRunner.run(SuiteRunner.java:330)
	at org.testng.SuiteRunnerWorker.runSuite(SuiteRunnerWorker.java:52)
	at org.testng.SuiteRunnerWorker.run(SuiteRunnerWorker.java:95)
	at org.testng.TestNG.runSuitesSequentially(TestNG.java:1256)
	at org.testng.TestNG.runSuitesLocally(TestNG.java:1176)
	at org.testng.TestNG.runSuites(TestNG.java:1099)
	at org.testng.TestNG.run(TestNG.java:1067)
	at org.gradle.api.internal.tasks.testing.testng.TestNGTestClassProcessor.runTests(TestNGTestClassProcessor.java:145)
	at org.gradle.api.internal.tasks.testing.testng.TestNGTestClassProcessor.stop(TestNGTestClassProcessor.java:92)
	at org.gradle.api.internal.tasks.testing.SuiteTestClassProcessor.stop(SuiteTestClassProcessor.java:62)
	at java.base/jdk.internal.reflect.NativeMethodAccessorImpl.invoke0(Native Method)
	at java.base/jdk.internal.reflect.NativeMethodAccessorImpl.invoke(NativeMethodAccessorImpl.java:62)
	at java.base/jdk.internal.reflect.DelegatingMethodAccessorImpl.invoke(DelegatingMethodAccessorImpl.java:43)
	at java.base/java.lang.reflect.Method.invoke(Method.java:566)
	at org.gradle.internal.dispatch.ReflectionDispatch.dispatch(ReflectionDispatch.java:36)
	at org.gradle.internal.dispatch.ReflectionDispatch.dispatch(ReflectionDispatch.java:24)
	at org.gradle.internal.dispatch.ContextClassLoaderDispatch.dispatch(ContextClassLoaderDispatch.java:33)
	at org.gradle.internal.dispatch.ProxyDispatchAdapter$DispatchingInvocationHandler.invoke(ProxyDispatchAdapter.java:94)
	at com.sun.proxy.$Proxy2.stop(Unknown Source)
	at org.gradle.api.internal.tasks.testing.worker.TestWorker$3.run(TestWorker.java:193)
	at org.gradle.api.internal.tasks.testing.worker.TestWorker.executeAndMaintainThreadName(TestWorker.java:129)
	at org.gradle.api.internal.tasks.testing.worker.TestWorker.execute(TestWorker.java:100)
	at org.gradle.api.internal.tasks.testing.worker.TestWorker.execute(TestWorker.java:60)
	at org.gradle.process.internal.worker.child.ActionExecutionWorker.execute(ActionExecutionWorker.java:56)
	at org.gradle.process.internal.worker.child.SystemApplicationClassLoaderWorker.call(SystemApplicationClassLoaderWorker.java:113)
	at org.gradle.process.internal.worker.child.SystemApplicationClassLoaderWorker.call(SystemApplicationClassLoaderWorker.java:65)
	at worker.org.gradle.process.internal.worker.GradleWorkerMain.run(GradleWorkerMain.java:69)
	at worker.org.gradle.process.internal.worker.GradleWorkerMain.main(GradleWorkerMain.java:74)
</failure>
  </testcase>
  <system-out><![CDATA[17:43:00.348 [Forwarding get on session 94c13c9b0e56e3de272b9bbeb5adddc7 to remote] DEBUG o.a.netty.request.NettyRequestSender - Using pooled Channel '[id: 0x1989c5aa, L:/127.0.0.1:49237 - R:localhost/127.0.0.1:9450]' for 'POST' to 'http://localhost:9450/session/94c13c9b0e56e3de272b9bbeb5adddc7/url'
17:43:00.350 [Forwarding get on session 94c13c9b0e56e3de272b9bbeb5adddc7 to remote] DEBUG o.a.netty.request.NettyRequestSender - Using open Channel [id: 0x1989c5aa, L:/127.0.0.1:49237 - R:localhost/127.0.0.1:9450] for POST '/session/94c13c9b0e56e3de272b9bbeb5adddc7/url'
17:43:00.863 [AsyncHttpClient-1-1] DEBUG o.a.netty.channel.DefaultChannelPool - Entry count for : http://localhost:49238 : 1
17:43:01.960 [AsyncHttpClient-1-1] DEBUG o.a.netty.channel.DefaultChannelPool - Entry count for : http://localhost:49238 : 1
17:43:03.059 [AsyncHttpClient-1-1] DEBUG o.a.netty.channel.DefaultChannelPool - Entry count for : http://localhost:49238 : 1
17:43:04.162 [AsyncHttpClient-1-1] DEBUG o.a.netty.channel.DefaultChannelPool - Entry count for : http://localhost:49238 : 1
17:43:05.258 [AsyncHttpClient-1-1] DEBUG o.a.netty.channel.DefaultChannelPool - Entry count for : http://localhost:49238 : 1
17:43:06.362 [AsyncHttpClient-1-1] DEBUG o.a.netty.channel.DefaultChannelPool - Entry count for : http://localhost:49238 : 1
17:43:07.462 [AsyncHttpClient-1-1] DEBUG o.a.netty.channel.DefaultChannelPool - Entry count for : http://localhost:49238 : 1
17:43:08.561 [AsyncHttpClient-1-1] DEBUG o.a.netty.channel.DefaultChannelPool - Entry count for : http://localhost:49238 : 1
17:43:08.832 [AsyncHttpClient-1-2] DEBUG o.a.netty.handler.HttpHandler - 

Request DefaultHttpRequest(decodeResult: success, version: HTTP/1.1)
POST /session/94c13c9b0e56e3de272b9bbeb5adddc7/url HTTP/1.1
User-Agent: selenium/4.9.1 (java mac)
Content-Length: 51
Content-Type: application/json; charset=utf-8
host: localhost:9450
accept: */*

Response DefaultHttpResponse(decodeResult: success, version: HTTP/1.1)
HTTP/1.1 200 OK
Content-Length: 14
Content-Type: application/json; charset=utf-8
cache-control: no-cache

17:43:08.833 [AsyncHttpClient-1-2] DEBUG o.a.netty.channel.ChannelManager - Adding key: http://localhost:9450 for channel [id: 0x1989c5aa, L:/127.0.0.1:49237 - R:localhost/127.0.0.1:9450]
17:43:09.662 [AsyncHttpClient-1-1] DEBUG o.a.netty.channel.DefaultChannelPool - Entry count for : http://localhost:9450 : 1
17:43:09.663 [AsyncHttpClient-1-1] DEBUG o.a.netty.channel.DefaultChannelPool - Entry count for : http://localhost:49238 : 1
17:43:10.058 [Forwarding findElement on session 94c13c9b0e56e3de272b9bbeb5adddc7 to remote] DEBUG o.a.netty.request.NettyRequestSender - Using pooled Channel '[id: 0x1989c5aa, L:/127.0.0.1:49237 - R:localhost/127.0.0.1:9450]' for 'POST' to 'http://localhost:9450/session/94c13c9b0e56e3de272b9bbeb5adddc7/element'
17:43:10.063 [Forwarding findElement on session 94c13c9b0e56e3de272b9bbeb5adddc7 to remote] DEBUG o.a.netty.request.NettyRequestSender - Using open Channel [id: 0x1989c5aa, L:/127.0.0.1:49237 - R:localhost/127.0.0.1:9450] for POST '/session/94c13c9b0e56e3de272b9bbeb5adddc7/element'
17:43:10.447 [AsyncHttpClient-1-2] DEBUG o.a.netty.handler.HttpHandler - 

Request DefaultHttpRequest(decodeResult: success, version: HTTP/1.1)
POST /session/94c13c9b0e56e3de272b9bbeb5adddc7/element HTTP/1.1
User-Agent: selenium/4.9.1 (java mac)
Content-Length: 93
Content-Type: application/json; charset=utf-8
host: localhost:9450
accept: */*

Response DefaultHttpResponse(decodeResult: success, version: HTTP/1.1)
HTTP/1.1 200 OK
Content-Length: 95
Content-Type: application/json; charset=utf-8
cache-control: no-cache

17:43:10.454 [AsyncHttpClient-1-2] DEBUG o.a.netty.channel.ChannelManager - Adding key: http://localhost:9450 for channel [id: 0x1989c5aa, L:/127.0.0.1:49237 - R:localhost/127.0.0.1:9450]
17:43:10.500 [Forwarding clickElement on session 94c13c9b0e56e3de272b9bbeb5adddc7 to remote] DEBUG o.a.netty.request.NettyRequestSender - Using pooled Channel '[id: 0x1989c5aa, L:/127.0.0.1:49237 - R:localhost/127.0.0.1:9450]' for 'POST' to 'http://localhost:9450/session/94c13c9b0e56e3de272b9bbeb5adddc7/element/44FD0BE5547703665ABE51FAFC754CF3_element_35/click'
17:43:10.501 [Forwarding clickElement on session 94c13c9b0e56e3de272b9bbeb5adddc7 to remote] DEBUG o.a.netty.request.NettyRequestSender - Using open Channel [id: 0x1989c5aa, L:/127.0.0.1:49237 - R:localhost/127.0.0.1:9450] for POST '/session/94c13c9b0e56e3de272b9bbeb5adddc7/element/44FD0BE5547703665ABE51FAFC754CF3_element_35/click'
17:43:10.763 [AsyncHttpClient-1-1] DEBUG o.a.netty.channel.DefaultChannelPool - Entry count for : http://localhost:49238 : 1
17:43:11.860 [AsyncHttpClient-1-1] DEBUG o.a.netty.channel.DefaultChannelPool - Entry count for : http://localhost:49238 : 1
17:43:12.963 [AsyncHttpClient-1-1] DEBUG o.a.netty.channel.DefaultChannelPool - Entry count for : http://localhost:49238 : 1
17:43:14.063 [AsyncHttpClient-1-1] DEBUG o.a.netty.channel.DefaultChannelPool - Entry count for : http://localhost:49238 : 1
17:43:15.163 [AsyncHttpClient-1-1] DEBUG o.a.netty.channel.DefaultChannelPool - Entry count for : http://localhost:49238 : 1
17:43:16.262 [AsyncHttpClient-1-1] DEBUG o.a.netty.channel.DefaultChannelPool - Entry count for : http://localhost:49238 : 1
17:43:17.363 [AsyncHttpClient-1-1] DEBUG o.a.netty.channel.DefaultChannelPool - Entry count for : http://localhost:49238 : 1
17:43:18.459 [AsyncHttpClient-1-1] DEBUG o.a.netty.channel.DefaultChannelPool - Entry count for : http://localhost:49238 : 1
17:43:19.560 [AsyncHttpClient-1-1] DEBUG o.a.netty.channel.DefaultChannelPool - Entry count for : http://localhost:49238 : 1
17:43:20.107 [AsyncHttpClient-1-2] DEBUG o.a.netty.handler.HttpHandler - 

Request DefaultHttpRequest(decodeResult: success, version: HTTP/1.1)
POST /session/94c13c9b0e56e3de272b9bbeb5adddc7/element/44FD0BE5547703665ABE51FAFC754CF3_element_35/click HTTP/1.1
User-Agent: selenium/4.9.1 (java mac)
Content-Length: 57
Content-Type: application/json; charset=utf-8
host: localhost:9450
accept: */*

Response DefaultHttpResponse(decodeResult: success, version: HTTP/1.1)
HTTP/1.1 200 OK
Content-Length: 14
Content-Type: application/json; charset=utf-8
cache-control: no-cache

17:43:20.110 [AsyncHttpClient-1-2] DEBUG o.a.netty.channel.ChannelManager - Adding key: http://localhost:9450 for channel [id: 0x1989c5aa, L:/127.0.0.1:49237 - R:localhost/127.0.0.1:9450]
17:43:20.115 [Forwarding findElement on session 94c13c9b0e56e3de272b9bbeb5adddc7 to remote] DEBUG o.a.netty.request.NettyRequestSender - Using pooled Channel '[id: 0x1989c5aa, L:/127.0.0.1:49237 - R:localhost/127.0.0.1:9450]' for 'POST' to 'http://localhost:9450/session/94c13c9b0e56e3de272b9bbeb5adddc7/element'
17:43:20.116 [Forwarding findElement on session 94c13c9b0e56e3de272b9bbeb5adddc7 to remote] DEBUG o.a.netty.request.NettyRequestSender - Using open Channel [id: 0x1989c5aa, L:/127.0.0.1:49237 - R:localhost/127.0.0.1:9450] for POST '/session/94c13c9b0e56e3de272b9bbeb5adddc7/element'
17:43:20.482 [AsyncHttpClient-1-2] DEBUG o.a.netty.handler.HttpHandler - 

Request DefaultHttpRequest(decodeResult: success, version: HTTP/1.1)
POST /session/94c13c9b0e56e3de272b9bbeb5adddc7/element HTTP/1.1
User-Agent: selenium/4.9.1 (java mac)
Content-Length: 106
Content-Type: application/json; charset=utf-8
host: localhost:9450
accept: */*

Response DefaultHttpResponse(decodeResult: success, version: HTTP/1.1)
HTTP/1.1 400 Bad Request
Content-Length: 2397
Content-Type: application/json; charset=utf-8
cache-control: no-cache

17:43:20.483 [AsyncHttpClient-1-2] DEBUG o.a.netty.channel.ChannelManager - Adding key: http://localhost:9450 for channel [id: 0x1989c5aa, L:/127.0.0.1:49237 - R:localhost/127.0.0.1:9450]
17:43:20.662 [AsyncHttpClient-1-1] DEBUG o.a.netty.channel.DefaultChannelPool - Entry count for : http://localhost:9450 : 1
17:43:20.663 [AsyncHttpClient-1-1] DEBUG o.a.netty.channel.DefaultChannelPool - Entry count for : http://localhost:49238 : 1
17:43:20.720 [Test worker] INFO  ITestListener - Taking screenshot and test is failed********* test name is categoryFilterApply
17:43:20.972 [Test worker] INFO  ITestListener - Taking screenshot and test is failed********* test name is categoryFilterApply
]]></system-out>
  <system-err><![CDATA[AspectJ Internal Error: unable to add stackmap attributes. null
]]></system-err>
</testsuite>
